<!DOCTYPE html>


<!--
 | Generated by Apache Maven Doxia Site Renderer 2.0.0 from org.apache.maven.plugins:maven-surefire-report-plugin:3.5.2:report at 2024-11-24
 | Rendered using Apache Maven Fluido Skin 2.0.0-M9
-->
<html xmlns="http://www.w3.org/1999/xhtml" lang="en">
  <head>
    <meta charset="UTF-8" />
    <meta name="viewport" content="width=device-width, initial-scale=1" />
    <meta name="generator" content="Apache Maven Doxia Site Renderer 2.0.0" />
    <title>Surefire Report – assignment_e2145042</title>
    <link rel="stylesheet" href="./css/apache-maven-fluido-2.0.0-M9.min.css" />
    <link rel="stylesheet" href="./css/site.css" />
    <link rel="stylesheet" href="./css/print.css" media="print" />
    <script src="./js/apache-maven-fluido-2.0.0-M9.min.js"></script>
  </head>
  <body>
    <div class="container container-top">
      <header>
        <div id="banner">
          <div class="pull-left"><div id="bannerLeft"><h1>assignment_e2145042</h1></div></div>
          <div class="pull-right"></div>
          <div class="clear"><hr/></div>
        </div>

        <div id="breadcrumbs">
          <ul class="breadcrumb">
        <li id="publishDate">Last Published: 2024-11-24<span class="divider">|</span>
</li>
          <li id="projectVersion">Version: 1.0-SNAPSHOT</li>
        <li class="pull-right"><a href="http://www.example.com" class="externalLink">assignment_e2145042</a></li>
          </ul>
        </div>
      </header>
        <main id="bodyColumn">

<script>
function toggleDisplay(elementId) {
 var elm = document.getElementById(elementId + '-error');
 if (elm == null) {
  elm = document.getElementById(elementId + '-failure');
 }
 if (elm && typeof elm.style != "undefined") {
  if (elm.style.display == "none") {
   elm.style.display = "";
   document.getElementById(elementId + '-off').style.display = "none";
   document.getElementById(elementId + '-on').style.display = "inline";
  } else if (elm.style.display == "") {   elm.style.display = "none";
   document.getElementById(elementId + '-off').style.display = "inline";
   document.getElementById(elementId + '-on').style.display = "none";
  }
 }
 }
</script>
<section><a id="Surefire_Report"></a>
<h1>Surefire Report</h1><section><a id="Summary"></a>
<h2>Summary</h2>
<p>[<a href="#Summary">Summary</a>] [<a href="#Package_List">Package List</a>] [<a href="#Test_Cases">Test Cases</a>]</p><br />
<table class="table table-striped">
<tr class="a">
<th>Tests</th>
<th>Errors</th>
<th>Failures</th>
<th>Skipped</th>
<th>Success Rate</th>
<th>Time</th></tr>
<tr class="b">
<td>5</td>
<td>4</td>
<td>0</td>
<td>0</td>
<td>20.0%</td>
<td>72.28 s</td></tr></table><br />
<p>Note: failures are anticipated and checked for with assertions while errors are unanticipated.</p><br /></section><section><a id="Package_List"></a>
<h2>Package List</h2>
<p>[<a href="#Summary">Summary</a>] [<a href="#Package_List">Package List</a>] [<a href="#Test_Cases">Test Cases</a>]</p><br />
<table class="table table-striped">
<tr class="a">
<th>Package</th>
<th>Tests</th>
<th>Errors</th>
<th>Failures</th>
<th>Skipped</th>
<th>Success Rate</th>
<th>Time</th></tr>
<tr class="b">
<td><a href="#com.example">com.example</a></td>
<td>5</td>
<td>4</td>
<td>0</td>
<td>0</td>
<td>20.0%</td>
<td>72.28 s</td></tr></table><br />
<p>Note: package statistics are not computed recursively, they only sum up all of its testsuites numbers.</p><section><a id="com.example"></a>
<h3>com.example</h3>
<table class="table table-striped">
<tr class="a">
<th>-</th>
<th>Class</th>
<th>Tests</th>
<th>Errors</th>
<th>Failures</th>
<th>Skipped</th>
<th>Success Rate</th>
<th>Time</th></tr>
<tr class="b">
<td><a href="#com.example.BookingAutomationTest"><img src="images/icon_error_sml.gif" /></a></td>
<td><a href="#com.example.BookingAutomationTest">BookingAutomationTest</a></td>
<td>5</td>
<td>4</td>
<td>0</td>
<td>0</td>
<td>20.0%</td>
<td>72.28 s</td></tr></table></section><br /></section><section><a id="Test_Cases"></a>
<h2>Test Cases</h2>
<p>[<a href="#Summary">Summary</a>] [<a href="#Package_List">Package List</a>] [<a href="#Test_Cases">Test Cases</a>]</p><section><a id="com.example.BookingAutomationTest"></a>
<h3>BookingAutomationTest</h3>
<table class="table table-striped">
<tr class="a">
<td><img src="images/icon_success_sml.gif" /></td>
<td><a id="TC_com.example.BookingAutomationTest.testUserAuthentication"></a>testUserAuthentication</td>
<td>13.16 s</td></tr>
<tr class="b">
<td><a href="#com.example.BookingAutomationTest.testResponsiveDesign"><img src="images/icon_error_sml.gif" /></a></td>
<td><a id="TC_com.example.BookingAutomationTest.testResponsiveDesign"></a><a href="#com.example.BookingAutomationTest.testResponsiveDesign">testResponsiveDesign</a>
<div class="detailToggle" style="display:inline"><a href="javascript:toggleDisplay('com.example.BookingAutomationTest.testResponsiveDesign');"><span style="display:inline;" id="com.example.BookingAutomationTest.testResponsiveDesign-off"> + </span><span style="display:none;" id="com.example.BookingAutomationTest.testResponsiveDesign-on"> - </span>[ Detail ]</a></div></td>
<td>20.98 s</td></tr>
<tr class="a">
<td>-</td>
<td>Expected condition failed: waiting for presence of element located by: By.cssSelector: .bui-tab-menu__trigger (tried for 15 second(s) with 500 milliseconds interval)</td>
<td>-</td></tr>
<tr id="com.example.BookingAutomationTest.testResponsiveDesign-error" style="display:none;" class="b">
<td>-</td>
<td>
<pre>org.openqa.selenium.TimeoutException: Expected condition failed: waiting for presence of element located by: By.cssSelector: .bui-tab-menu__trigger (tried for 15 second(s) with 500 milliseconds interval)
	at com.example.BookingAutomationTest.testResponsiveDesign(BookingAutomationTest.java:170)
Caused by: org.openqa.selenium.NoSuchElementException: 
no such element: Unable to locate element: {&quot;method&quot;:&quot;css selector&quot;,&quot;selector&quot;:&quot;.bui-tab-menu__trigger&quot;}
  (Session info: chrome=131.0.6778.86)
For documentation on this error, please visit: https://www.selenium.dev/documentation/webdriver/troubleshooting/errors#no-such-element-exception
Build info: version: '4.10.0', revision: 'c14d967899'
System info: os.name: 'Windows 11', os.arch: 'amd64', os.version: '10.0', java.version: '23.0.1'
Driver info: org.openqa.selenium.chrome.ChromeDriver
Command: [2a09489ab6005dbd23af2c1c82702abd, findElement {using=css selector, value=.bui-tab-menu__trigger}]
Capabilities {acceptInsecureCerts: false, browserName: chrome, browserVersion: 131.0.6778.86, chrome: {chromedriverVersion: 131.0.6778.85 (3d81e41b6f3a..., userDataDir: C:\Users\ARSHAD~1\AppData\L...}, fedcm:accounts: true, goog:chromeOptions: {debuggerAddress: localhost:54094}, networkConnectionEnabled: false, pageLoadStrategy: normal, platformName: windows, proxy: Proxy(), se:cdp: ws://localhost:54094/devtoo..., se:cdpVersion: 131.0.6778.86, setWindowRect: true, strictFileInteractability: false, timeouts: {implicit: 0, pageLoad: 300000, script: 30000}, unhandledPromptBehavior: dismiss and notify, webauthn:extension:credBlob: true, webauthn:extension:largeBlob: true, webauthn:extension:minPinLength: true, webauthn:extension:prf: true, webauthn:virtualAuthenticators: true}
Session ID: 2a09489ab6005dbd23af2c1c82702abd
	at com.example.BookingAutomationTest.testResponsiveDesign(BookingAutomationTest.java:170)
</pre></td>
<td>-</td></tr>
<tr class="a">
<td><a href="#com.example.BookingAutomationTest.testFilteringAndSorting"><img src="images/icon_error_sml.gif" /></a></td>
<td><a id="TC_com.example.BookingAutomationTest.testFilteringAndSorting"></a><a href="#com.example.BookingAutomationTest.testFilteringAndSorting">testFilteringAndSorting</a>
<div class="detailToggle" style="display:inline"><a href="javascript:toggleDisplay('com.example.BookingAutomationTest.testFilteringAndSorting');"><span style="display:inline;" id="com.example.BookingAutomationTest.testFilteringAndSorting-off"> + </span><span style="display:none;" id="com.example.BookingAutomationTest.testFilteringAndSorting-on"> - </span>[ Detail ]</a></div></td>
<td>12.27 s</td></tr>
<tr class="b">
<td>-</td>
<td>no such element: Unable to locate element: {&quot;method&quot;:&quot;css selector&quot;,&quot;selector&quot;:&quot;#ss&quot;}
  (Session info: chrome=131.0.6778.86)
For documentation on this error, please visit: https://www.selenium.dev/documentation/webdriver/troubleshooting/errors#no-such-element-exception
Build info: version: '4.10.0', revision: 'c14d967899'
System info: os.name: 'Windows 11', os.arch: 'amd64', os.version: '10.0', java.version: '23.0.1'
Driver info: org.openqa.selenium.chrome.ChromeDriver
Command: [2a09489ab6005dbd23af2c1c82702abd, findElement {using=id, value=ss}]
Capabilities {acceptInsecureCerts: false, browserName: chrome, browserVersion: 131.0.6778.86, chrome: {chromedriverVersion: 131.0.6778.85 (3d81e41b6f3a..., userDataDir: C:\Users\ARSHAD~1\AppData\L...}, fedcm:accounts: true, goog:chromeOptions: {debuggerAddress: localhost:54094}, networkConnectionEnabled: false, pageLoadStrategy: normal, platformName: windows, proxy: Proxy(), se:cdp: ws://localhost:54094/devtoo..., se:cdpVersion: 131.0.6778.86, setWindowRect: true, strictFileInteractability: false, timeouts: {implicit: 0, pageLoad: 300000, script: 30000}, unhandledPromptBehavior: dismiss and notify, webauthn:extension:credBlob: true, webauthn:extension:largeBlob: true, webauthn:extension:minPinLength: true, webauthn:extension:prf: true, webauthn:virtualAuthenticators: true}
Session ID: 2a09489ab6005dbd23af2c1c82702abd</td>
<td>-</td></tr>
<tr id="com.example.BookingAutomationTest.testFilteringAndSorting-error" style="display:none;" class="a">
<td>-</td>
<td>
<pre>org.openqa.selenium.NoSuchElementException: 
no such element: Unable to locate element: {&quot;method&quot;:&quot;css selector&quot;,&quot;selector&quot;:&quot;#ss&quot;}
  (Session info: chrome=131.0.6778.86)
For documentation on this error, please visit: https://www.selenium.dev/documentation/webdriver/troubleshooting/errors#no-such-element-exception
Build info: version: '4.10.0', revision: 'c14d967899'
System info: os.name: 'Windows 11', os.arch: 'amd64', os.version: '10.0', java.version: '23.0.1'
Driver info: org.openqa.selenium.chrome.ChromeDriver
Command: [2a09489ab6005dbd23af2c1c82702abd, findElement {using=id, value=ss}]
Capabilities {acceptInsecureCerts: false, browserName: chrome, browserVersion: 131.0.6778.86, chrome: {chromedriverVersion: 131.0.6778.85 (3d81e41b6f3a..., userDataDir: C:\Users\ARSHAD~1\AppData\L...}, fedcm:accounts: true, goog:chromeOptions: {debuggerAddress: localhost:54094}, networkConnectionEnabled: false, pageLoadStrategy: normal, platformName: windows, proxy: Proxy(), se:cdp: ws://localhost:54094/devtoo..., se:cdpVersion: 131.0.6778.86, setWindowRect: true, strictFileInteractability: false, timeouts: {implicit: 0, pageLoad: 300000, script: 30000}, unhandledPromptBehavior: dismiss and notify, webauthn:extension:credBlob: true, webauthn:extension:largeBlob: true, webauthn:extension:minPinLength: true, webauthn:extension:prf: true, webauthn:virtualAuthenticators: true}
Session ID: 2a09489ab6005dbd23af2c1c82702abd
	at com.example.BookingAutomationTest.testFilteringAndSorting(BookingAutomationTest.java:76)
</pre></td>
<td>-</td></tr>
<tr class="b">
<td><a href="#com.example.BookingAutomationTest.testSearchFunctionality"><img src="images/icon_error_sml.gif" /></a></td>
<td><a id="TC_com.example.BookingAutomationTest.testSearchFunctionality"></a><a href="#com.example.BookingAutomationTest.testSearchFunctionality">testSearchFunctionality</a>
<div class="detailToggle" style="display:inline"><a href="javascript:toggleDisplay('com.example.BookingAutomationTest.testSearchFunctionality');"><span style="display:inline;" id="com.example.BookingAutomationTest.testSearchFunctionality-off"> + </span><span style="display:none;" id="com.example.BookingAutomationTest.testSearchFunctionality-on"> - </span>[ Detail ]</a></div></td>
<td>12.10 s</td></tr>
<tr class="a">
<td>-</td>
<td>no such element: Unable to locate element: {&quot;method&quot;:&quot;css selector&quot;,&quot;selector&quot;:&quot;#ss&quot;}
  (Session info: chrome=131.0.6778.86)
For documentation on this error, please visit: https://www.selenium.dev/documentation/webdriver/troubleshooting/errors#no-such-element-exception
Build info: version: '4.10.0', revision: 'c14d967899'
System info: os.name: 'Windows 11', os.arch: 'amd64', os.version: '10.0', java.version: '23.0.1'
Driver info: org.openqa.selenium.chrome.ChromeDriver
Command: [2a09489ab6005dbd23af2c1c82702abd, findElement {using=id, value=ss}]
Capabilities {acceptInsecureCerts: false, browserName: chrome, browserVersion: 131.0.6778.86, chrome: {chromedriverVersion: 131.0.6778.85 (3d81e41b6f3a..., userDataDir: C:\Users\ARSHAD~1\AppData\L...}, fedcm:accounts: true, goog:chromeOptions: {debuggerAddress: localhost:54094}, networkConnectionEnabled: false, pageLoadStrategy: normal, platformName: windows, proxy: Proxy(), se:cdp: ws://localhost:54094/devtoo..., se:cdpVersion: 131.0.6778.86, setWindowRect: true, strictFileInteractability: false, timeouts: {implicit: 0, pageLoad: 300000, script: 30000}, unhandledPromptBehavior: dismiss and notify, webauthn:extension:credBlob: true, webauthn:extension:largeBlob: true, webauthn:extension:minPinLength: true, webauthn:extension:prf: true, webauthn:virtualAuthenticators: true}
Session ID: 2a09489ab6005dbd23af2c1c82702abd</td>
<td>-</td></tr>
<tr id="com.example.BookingAutomationTest.testSearchFunctionality-error" style="display:none;" class="b">
<td>-</td>
<td>
<pre>org.openqa.selenium.NoSuchElementException: 
no such element: Unable to locate element: {&quot;method&quot;:&quot;css selector&quot;,&quot;selector&quot;:&quot;#ss&quot;}
  (Session info: chrome=131.0.6778.86)
For documentation on this error, please visit: https://www.selenium.dev/documentation/webdriver/troubleshooting/errors#no-such-element-exception
Build info: version: '4.10.0', revision: 'c14d967899'
System info: os.name: 'Windows 11', os.arch: 'amd64', os.version: '10.0', java.version: '23.0.1'
Driver info: org.openqa.selenium.chrome.ChromeDriver
Command: [2a09489ab6005dbd23af2c1c82702abd, findElement {using=id, value=ss}]
Capabilities {acceptInsecureCerts: false, browserName: chrome, browserVersion: 131.0.6778.86, chrome: {chromedriverVersion: 131.0.6778.85 (3d81e41b6f3a..., userDataDir: C:\Users\ARSHAD~1\AppData\L...}, fedcm:accounts: true, goog:chromeOptions: {debuggerAddress: localhost:54094}, networkConnectionEnabled: false, pageLoadStrategy: normal, platformName: windows, proxy: Proxy(), se:cdp: ws://localhost:54094/devtoo..., se:cdpVersion: 131.0.6778.86, setWindowRect: true, strictFileInteractability: false, timeouts: {implicit: 0, pageLoad: 300000, script: 30000}, unhandledPromptBehavior: dismiss and notify, webauthn:extension:credBlob: true, webauthn:extension:largeBlob: true, webauthn:extension:minPinLength: true, webauthn:extension:prf: true, webauthn:virtualAuthenticators: true}
Session ID: 2a09489ab6005dbd23af2c1c82702abd
	at com.example.BookingAutomationTest.testSearchFunctionality(BookingAutomationTest.java:47)
</pre></td>
<td>-</td></tr>
<tr class="a">
<td><a href="#com.example.BookingAutomationTest.testBookingProcess"><img src="images/icon_error_sml.gif" /></a></td>
<td><a id="TC_com.example.BookingAutomationTest.testBookingProcess"></a><a href="#com.example.BookingAutomationTest.testBookingProcess">testBookingProcess</a>
<div class="detailToggle" style="display:inline"><a href="javascript:toggleDisplay('com.example.BookingAutomationTest.testBookingProcess');"><span style="display:inline;" id="com.example.BookingAutomationTest.testBookingProcess-off"> + </span><span style="display:none;" id="com.example.BookingAutomationTest.testBookingProcess-on"> - </span>[ Detail ]</a></div></td>
<td>11.45 s</td></tr>
<tr class="b">
<td>-</td>
<td>no such element: Unable to locate element: {&quot;method&quot;:&quot;css selector&quot;,&quot;selector&quot;:&quot;#ss&quot;}
  (Session info: chrome=131.0.6778.86)
For documentation on this error, please visit: https://www.selenium.dev/documentation/webdriver/troubleshooting/errors#no-such-element-exception
Build info: version: '4.10.0', revision: 'c14d967899'
System info: os.name: 'Windows 11', os.arch: 'amd64', os.version: '10.0', java.version: '23.0.1'
Driver info: org.openqa.selenium.chrome.ChromeDriver
Command: [2a09489ab6005dbd23af2c1c82702abd, findElement {using=id, value=ss}]
Capabilities {acceptInsecureCerts: false, browserName: chrome, browserVersion: 131.0.6778.86, chrome: {chromedriverVersion: 131.0.6778.85 (3d81e41b6f3a..., userDataDir: C:\Users\ARSHAD~1\AppData\L...}, fedcm:accounts: true, goog:chromeOptions: {debuggerAddress: localhost:54094}, networkConnectionEnabled: false, pageLoadStrategy: normal, platformName: windows, proxy: Proxy(), se:cdp: ws://localhost:54094/devtoo..., se:cdpVersion: 131.0.6778.86, setWindowRect: true, strictFileInteractability: false, timeouts: {implicit: 0, pageLoad: 300000, script: 30000}, unhandledPromptBehavior: dismiss and notify, webauthn:extension:credBlob: true, webauthn:extension:largeBlob: true, webauthn:extension:minPinLength: true, webauthn:extension:prf: true, webauthn:virtualAuthenticators: true}
Session ID: 2a09489ab6005dbd23af2c1c82702abd</td>
<td>-</td></tr>
<tr id="com.example.BookingAutomationTest.testBookingProcess-error" style="display:none;" class="a">
<td>-</td>
<td>
<pre>org.openqa.selenium.NoSuchElementException: 
no such element: Unable to locate element: {&quot;method&quot;:&quot;css selector&quot;,&quot;selector&quot;:&quot;#ss&quot;}
  (Session info: chrome=131.0.6778.86)
For documentation on this error, please visit: https://www.selenium.dev/documentation/webdriver/troubleshooting/errors#no-such-element-exception
Build info: version: '4.10.0', revision: 'c14d967899'
System info: os.name: 'Windows 11', os.arch: 'amd64', os.version: '10.0', java.version: '23.0.1'
Driver info: org.openqa.selenium.chrome.ChromeDriver
Command: [2a09489ab6005dbd23af2c1c82702abd, findElement {using=id, value=ss}]
Capabilities {acceptInsecureCerts: false, browserName: chrome, browserVersion: 131.0.6778.86, chrome: {chromedriverVersion: 131.0.6778.85 (3d81e41b6f3a..., userDataDir: C:\Users\ARSHAD~1\AppData\L...}, fedcm:accounts: true, goog:chromeOptions: {debuggerAddress: localhost:54094}, networkConnectionEnabled: false, pageLoadStrategy: normal, platformName: windows, proxy: Proxy(), se:cdp: ws://localhost:54094/devtoo..., se:cdpVersion: 131.0.6778.86, setWindowRect: true, strictFileInteractability: false, timeouts: {implicit: 0, pageLoad: 300000, script: 30000}, unhandledPromptBehavior: dismiss and notify, webauthn:extension:credBlob: true, webauthn:extension:largeBlob: true, webauthn:extension:minPinLength: true, webauthn:extension:prf: true, webauthn:virtualAuthenticators: true}
Session ID: 2a09489ab6005dbd23af2c1c82702abd
	at com.example.BookingAutomationTest.testBookingProcess(BookingAutomationTest.java:109)
</pre></td>
<td>-</td></tr></table></section><br /></section><section><a id="Failure_Details"></a>
<h2>Failure Details</h2>
<p>[<a href="#Summary">Summary</a>] [<a href="#Package_List">Package List</a>] [<a href="#Test_Cases">Test Cases</a>]</p><br />
<table class="table table-striped">
<tr class="a">
<td><img src="images/icon_error_sml.gif" /></td>
<td><a id="com.example.BookingAutomationTest.testResponsiveDesign"></a>testResponsiveDesign</td></tr>
<tr class="b">
<td>-</td>
<td>org.openqa.selenium.TimeoutException: Expected condition failed: waiting for presence of element located by: By.cssSelector: .bui-tab-menu__trigger (tried for 15 second(s) with 500 milliseconds interval)</td></tr>
<tr class="a">
<td>-</td>
<td>
<div id="testResponsiveDesign-error">com.example.BookingAutomationTest:170</div></td></tr>
<tr class="b">
<td><img src="images/icon_error_sml.gif" /></td>
<td><a id="com.example.BookingAutomationTest.testFilteringAndSorting"></a>testFilteringAndSorting</td></tr>
<tr class="a">
<td>-</td>
<td>org.openqa.selenium.NoSuchElementException: no such element: Unable to locate element: {&quot;method&quot;:&quot;css selector&quot;,&quot;selector&quot;:&quot;#ss&quot;}
  (Session info: chrome=131.0.6778.86)
For documentation on this error, please visit: https://www.selenium.dev/documentation/webdriver/troubleshooting/errors#no-such-element-exception
Build info: version: '4.10.0', revision: 'c14d967899'
System info: os.name: 'Windows 11', os.arch: 'amd64', os.version: '10.0', java.version: '23.0.1'
Driver info: org.openqa.selenium.chrome.ChromeDriver
Command: [2a09489ab6005dbd23af2c1c82702abd, findElement {using=id, value=ss}]
Capabilities {acceptInsecureCerts: false, browserName: chrome, browserVersion: 131.0.6778.86, chrome: {chromedriverVersion: 131.0.6778.85 (3d81e41b6f3a..., userDataDir: C:\Users\ARSHAD~1\AppData\L...}, fedcm:accounts: true, goog:chromeOptions: {debuggerAddress: localhost:54094}, networkConnectionEnabled: false, pageLoadStrategy: normal, platformName: windows, proxy: Proxy(), se:cdp: ws://localhost:54094/devtoo..., se:cdpVersion: 131.0.6778.86, setWindowRect: true, strictFileInteractability: false, timeouts: {implicit: 0, pageLoad: 300000, script: 30000}, unhandledPromptBehavior: dismiss and notify, webauthn:extension:credBlob: true, webauthn:extension:largeBlob: true, webauthn:extension:minPinLength: true, webauthn:extension:prf: true, webauthn:virtualAuthenticators: true}
Session ID: 2a09489ab6005dbd23af2c1c82702abd</td></tr>
<tr class="b">
<td>-</td>
<td>
<div id="testFilteringAndSorting-error">com.example.BookingAutomationTest:76</div></td></tr>
<tr class="a">
<td><img src="images/icon_error_sml.gif" /></td>
<td><a id="com.example.BookingAutomationTest.testSearchFunctionality"></a>testSearchFunctionality</td></tr>
<tr class="b">
<td>-</td>
<td>org.openqa.selenium.NoSuchElementException: no such element: Unable to locate element: {&quot;method&quot;:&quot;css selector&quot;,&quot;selector&quot;:&quot;#ss&quot;}
  (Session info: chrome=131.0.6778.86)
For documentation on this error, please visit: https://www.selenium.dev/documentation/webdriver/troubleshooting/errors#no-such-element-exception
Build info: version: '4.10.0', revision: 'c14d967899'
System info: os.name: 'Windows 11', os.arch: 'amd64', os.version: '10.0', java.version: '23.0.1'
Driver info: org.openqa.selenium.chrome.ChromeDriver
Command: [2a09489ab6005dbd23af2c1c82702abd, findElement {using=id, value=ss}]
Capabilities {acceptInsecureCerts: false, browserName: chrome, browserVersion: 131.0.6778.86, chrome: {chromedriverVersion: 131.0.6778.85 (3d81e41b6f3a..., userDataDir: C:\Users\ARSHAD~1\AppData\L...}, fedcm:accounts: true, goog:chromeOptions: {debuggerAddress: localhost:54094}, networkConnectionEnabled: false, pageLoadStrategy: normal, platformName: windows, proxy: Proxy(), se:cdp: ws://localhost:54094/devtoo..., se:cdpVersion: 131.0.6778.86, setWindowRect: true, strictFileInteractability: false, timeouts: {implicit: 0, pageLoad: 300000, script: 30000}, unhandledPromptBehavior: dismiss and notify, webauthn:extension:credBlob: true, webauthn:extension:largeBlob: true, webauthn:extension:minPinLength: true, webauthn:extension:prf: true, webauthn:virtualAuthenticators: true}
Session ID: 2a09489ab6005dbd23af2c1c82702abd</td></tr>
<tr class="a">
<td>-</td>
<td>
<div id="testSearchFunctionality-error">com.example.BookingAutomationTest:47</div></td></tr>
<tr class="b">
<td><img src="images/icon_error_sml.gif" /></td>
<td><a id="com.example.BookingAutomationTest.testBookingProcess"></a>testBookingProcess</td></tr>
<tr class="a">
<td>-</td>
<td>org.openqa.selenium.NoSuchElementException: no such element: Unable to locate element: {&quot;method&quot;:&quot;css selector&quot;,&quot;selector&quot;:&quot;#ss&quot;}
  (Session info: chrome=131.0.6778.86)
For documentation on this error, please visit: https://www.selenium.dev/documentation/webdriver/troubleshooting/errors#no-such-element-exception
Build info: version: '4.10.0', revision: 'c14d967899'
System info: os.name: 'Windows 11', os.arch: 'amd64', os.version: '10.0', java.version: '23.0.1'
Driver info: org.openqa.selenium.chrome.ChromeDriver
Command: [2a09489ab6005dbd23af2c1c82702abd, findElement {using=id, value=ss}]
Capabilities {acceptInsecureCerts: false, browserName: chrome, browserVersion: 131.0.6778.86, chrome: {chromedriverVersion: 131.0.6778.85 (3d81e41b6f3a..., userDataDir: C:\Users\ARSHAD~1\AppData\L...}, fedcm:accounts: true, goog:chromeOptions: {debuggerAddress: localhost:54094}, networkConnectionEnabled: false, pageLoadStrategy: normal, platformName: windows, proxy: Proxy(), se:cdp: ws://localhost:54094/devtoo..., se:cdpVersion: 131.0.6778.86, setWindowRect: true, strictFileInteractability: false, timeouts: {implicit: 0, pageLoad: 300000, script: 30000}, unhandledPromptBehavior: dismiss and notify, webauthn:extension:credBlob: true, webauthn:extension:largeBlob: true, webauthn:extension:minPinLength: true, webauthn:extension:prf: true, webauthn:virtualAuthenticators: true}
Session ID: 2a09489ab6005dbd23af2c1c82702abd</td></tr>
<tr class="b">
<td>-</td>
<td>
<div id="testBookingProcess-error">com.example.BookingAutomationTest:109</div></td></tr></table><br /></section></section>
        </main>
    </div>
    <hr/>
    <footer>
      <div class="container">
        <div class="row">
            <p>©      2024
</p>
        </div>
        <p id="poweredBy" class="pull-right"><a href="https://maven.apache.org/" class="builtBy" target="_blank"><img class="builtBy" alt="Built by Maven" src="./images/logos/maven-feather.png" /></a>
</p>
      </div>
    </footer>
<script>
  if(anchors) {
    anchors.add();
  }
</script>
  </body>
</html>
